<?xml version="1.0" encoding="UTF-8"?>
<testsuite xmlns:xsi="http://www.w3.org/2001/XMLSchema-instance" xsi:noNamespaceSchemaLocation="https://maven.apache.org/surefire/maven-surefire-plugin/xsd/surefire-test-report.xsd" version="3.0.2" name="UnitSystem.demo.BusinessLogic.ImpServiceLayer.NotificationServiceImpTest" time="0.709" tests="17" errors="0" skipped="0" failures="0">
  <properties>
[...]
</properties>
  <testcase name="getNotificationById_WhenNotFound_ShouldThrowException" classname="UnitSystem.demo.BusinessLogic.ImpServiceLayer.NotificationServiceImpTest" time="0.641">
    <system-out><![CDATA[21:38:48.024 [main] INFO UnitSystem.demo.BusinessLogic.ImpServiceLayer.NotificationServiceImp -- Fetching notification ID: 999
]]></system-out>
    <system-err><![CDATA[Aug 22, 2026 9:38:47 PM org.junit.platform.launcher.core.LauncherConfigurationParameters loadClasspathResource
WARNING: Discovered 3 'junit-platform.properties' configuration files on the classpath (see below); only the first (*) will be used.
- jar:file:/home/mahmoudaziz/.m2/repository/org/apache/kafka/kafka-clients/3.8.1/kafka-clients-3.8.1-test.jar!/junit-platform.properties (*)
- jar:file:/home/mahmoudaziz/.m2/repository/org/apache/kafka/kafka-server-common/3.8.1/kafka-server-common-3.8.1-test.jar!/junit-platform.properties
- jar:file:/home/mahmoudaziz/.m2/repository/org/apache/kafka/kafka_2.13/3.8.1/kafka_2.13-3.8.1-test.jar!/junit-platform.properties
Aug 22, 2026 9:38:47 PM org.junit.platform.launcher.core.LauncherConfigurationParameters loadClasspathResource
WARNING: Discovered 3 'junit-platform.properties' configuration files on the classpath (see below); only the first (*) will be used.
- jar:file:/home/mahmoudaziz/.m2/repository/org/apache/kafka/kafka-clients/3.8.1/kafka-clients-3.8.1-test.jar!/junit-platform.properties (*)
- jar:file:/home/mahmoudaziz/.m2/repository/org/apache/kafka/kafka-server-common/3.8.1/kafka-server-common-3.8.1-test.jar!/junit-platform.properties
- jar:file:/home/mahmoudaziz/.m2/repository/org/apache/kafka/kafka_2.13/3.8.1/kafka_2.13-3.8.1-test.jar!/junit-platform.properties
Aug 22, 2026 9:38:47 PM org.junit.platform.launcher.core.LauncherConfigurationParameters loadClasspathResource
WARNING: Discovered 3 'junit-platform.properties' configuration files on the classpath (see below); only the first (*) will be used.
- jar:file:/home/mahmoudaziz/.m2/repository/org/apache/kafka/kafka-clients/3.8.1/kafka-clients-3.8.1-test.jar!/junit-platform.properties (*)
- jar:file:/home/mahmoudaziz/.m2/repository/org/apache/kafka/kafka-server-common/3.8.1/kafka-server-common-3.8.1-test.jar!/junit-platform.properties
- jar:file:/home/mahmoudaziz/.m2/repository/org/apache/kafka/kafka_2.13/3.8.1/kafka_2.13-3.8.1-test.jar!/junit-platform.properties
Mockito is currently self-attaching to enable the inline-mock-maker. This will no longer work in future releases of the JDK. Please add Mockito as an agent to your build what is described in Mockito's documentation: https://javadoc.io/doc/org.mockito/mockito-core/latest/org/mockito/Mockito.html#0.3
WARNING: A Java agent has been loaded dynamically (/home/mahmoudaziz/.m2/repository/net/bytebuddy/byte-buddy-agent/1.15.11/byte-buddy-agent-1.15.11.jar)
WARNING: If a serviceability tool is in use, please run with -XX:+EnableDynamicAgentLoading to hide this warning
WARNING: If a serviceability tool is not in use, please run with -Djdk.instrument.traceUsage for more information
WARNING: Dynamic loading of agents will be disallowed by default in a future release
]]></system-err>
  </testcase>
  <testcase name="markAsRead_ShouldSetIsReadToTrue" classname="UnitSystem.demo.BusinessLogic.ImpServiceLayer.NotificationServiceImpTest" time="0.009">
    <system-out><![CDATA[21:38:48.047 [main] INFO UnitSystem.demo.BusinessLogic.ImpServiceLayer.NotificationServiceImp -- Marking notification ID: 1 as read
]]></system-out>
  </testcase>
  <testcase name="markAsRead_WhenNotFound_ShouldThrow" classname="UnitSystem.demo.BusinessLogic.ImpServiceLayer.NotificationServiceImpTest" time="0.002">
    <system-out><![CDATA[21:38:48.054 [main] INFO UnitSystem.demo.BusinessLogic.ImpServiceLayer.NotificationServiceImp -- Marking notification ID: 999 as read
]]></system-out>
  </testcase>
  <testcase name="getAllNotificationsForUser_WhenNone_ShouldReturnEmptyList" classname="UnitSystem.demo.BusinessLogic.ImpServiceLayer.NotificationServiceImpTest" time="0.006">
    <system-out><![CDATA[21:38:48.057 [main] INFO UnitSystem.demo.BusinessLogic.ImpServiceLayer.NotificationServiceImp -- Fetching all notifications for user ID: 99
]]></system-out>
  </testcase>
  <testcase name="sendNotificationToCourse_ShouldSaveAllAndPushToEachStudent" classname="UnitSystem.demo.BusinessLogic.ImpServiceLayer.NotificationServiceImpTest" time="0.007">
    <system-out><![CDATA[21:38:48.064 [main] INFO UnitSystem.demo.BusinessLogic.ImpServiceLayer.NotificationServiceImp -- Sending notification to all students in course ID: 1
]]></system-out>
  </testcase>
  <testcase name="countUnreadForUser_ShouldReturnCorrectCount" classname="UnitSystem.demo.BusinessLogic.ImpServiceLayer.NotificationServiceImpTest" time="0.004">
    <system-out><![CDATA[21:38:48.071 [main] INFO UnitSystem.demo.BusinessLogic.ImpServiceLayer.NotificationServiceImp -- Counting unread notifications for user ID: 1
]]></system-out>
  </testcase>
  <testcase name="markAllAsReadForUser_ShouldReturnUpdatedCount" classname="UnitSystem.demo.BusinessLogic.ImpServiceLayer.NotificationServiceImpTest" time="0.002">
    <system-out><![CDATA[21:38:48.075 [main] INFO UnitSystem.demo.BusinessLogic.ImpServiceLayer.NotificationServiceImp -- Marking all notifications as read for user ID: 1
]]></system-out>
  </testcase>
  <testcase name="sendNotificationToUser_ShouldSaveAndPushViaWebSocket" classname="UnitSystem.demo.BusinessLogic.ImpServiceLayer.NotificationServiceImpTest" time="0.002">
    <system-out><![CDATA[21:38:48.077 [main] INFO UnitSystem.demo.BusinessLogic.ImpServiceLayer.NotificationServiceImp -- Sending notification to user ID: 1
]]></system-out>
  </testcase>
  <testcase name="deleteAllNotificationsForUser_ShouldCallRepository" classname="UnitSystem.demo.BusinessLogic.ImpServiceLayer.NotificationServiceImpTest" time="0.001">
    <system-out><![CDATA[21:38:48.080 [main] INFO UnitSystem.demo.BusinessLogic.ImpServiceLayer.NotificationServiceImp -- Deleting all notifications for user ID: 1
]]></system-out>
  </testcase>
  <testcase name="getNotificationsByType_ShouldFilterCorrectly" classname="UnitSystem.demo.BusinessLogic.ImpServiceLayer.NotificationServiceImpTest" time="0.002">
    <system-out><![CDATA[21:38:48.082 [main] INFO UnitSystem.demo.BusinessLogic.ImpServiceLayer.NotificationServiceImp -- Fetching ENROLLMENT notifications for user ID: 1
]]></system-out>
  </testcase>
  <testcase name="deleteNotificationById_ShouldCallRepository" classname="UnitSystem.demo.BusinessLogic.ImpServiceLayer.NotificationServiceImpTest" time="0.001">
    <system-out><![CDATA[21:38:48.084 [main] INFO UnitSystem.demo.BusinessLogic.ImpServiceLayer.NotificationServiceImp -- Deleting notification ID: 1
]]></system-out>
  </testcase>
  <testcase name="deleteNotificationById_WhenNotFound_ShouldThrow" classname="UnitSystem.demo.BusinessLogic.ImpServiceLayer.NotificationServiceImpTest" time="0.002">
    <system-out><![CDATA[21:38:48.086 [main] INFO UnitSystem.demo.BusinessLogic.ImpServiceLayer.NotificationServiceImp -- Deleting notification ID: 999
]]></system-out>
  </testcase>
  <testcase name="createNotification_ShouldSaveAndReturnResponse" classname="UnitSystem.demo.BusinessLogic.ImpServiceLayer.NotificationServiceImpTest" time="0.003">
    <system-out><![CDATA[21:38:48.089 [main] INFO UnitSystem.demo.BusinessLogic.ImpServiceLayer.NotificationServiceImp -- Creating notification for recipient ID: 1
]]></system-out>
  </testcase>
  <testcase name="getAllNotificationsForUser_ShouldReturnList" classname="UnitSystem.demo.BusinessLogic.ImpServiceLayer.NotificationServiceImpTest" time="0.002">
    <system-out><![CDATA[21:38:48.091 [main] INFO UnitSystem.demo.BusinessLogic.ImpServiceLayer.NotificationServiceImp -- Fetching all notifications for user ID: 1
]]></system-out>
  </testcase>
  <testcase name="sendNotificationToCourse_WhenNoStudents_ShouldNotSave" classname="UnitSystem.demo.BusinessLogic.ImpServiceLayer.NotificationServiceImpTest" time="0.002">
    <system-out><![CDATA[21:38:48.093 [main] INFO UnitSystem.demo.BusinessLogic.ImpServiceLayer.NotificationServiceImp -- Sending notification to all students in course ID: 99
21:38:48.093 [main] WARN UnitSystem.demo.BusinessLogic.ImpServiceLayer.NotificationServiceImp -- No enrolled students found for course ID: 99
]]></system-out>
  </testcase>
  <testcase name="getNotificationById_WhenExists_ShouldReturnResponse" classname="UnitSystem.demo.BusinessLogic.ImpServiceLayer.NotificationServiceImpTest" time="0.002">
    <system-out><![CDATA[21:38:48.095 [main] INFO UnitSystem.demo.BusinessLogic.ImpServiceLayer.NotificationServiceImp -- Fetching notification ID: 1
]]></system-out>
  </testcase>
  <testcase name="getUnreadNotificationsForUser_ShouldReturnOnlyUnread" classname="UnitSystem.demo.BusinessLogic.ImpServiceLayer.NotificationServiceImpTest" time="0.002">
    <system-out><![CDATA[21:38:48.097 [main] INFO UnitSystem.demo.BusinessLogic.ImpServiceLayer.NotificationServiceImp -- Fetching unread notifications for user ID: 1
]]></system-out>
  </testcase>
</testsuite>